[2024-06-04 18:34:03][HiveNodeManager                ][INFO   ] Node LosAngeles does not exist in the node list...
[2024-06-04 18:34:03][HiveReceiverService            ][INFO   ] HiveReceiverService is running...
[2024-06-04 18:39:25][HiveNodeManager                ][INFO   ] Node LosAngeles does not exist in the node list...
[2024-06-04 18:39:25][HiveReceiverService            ][INFO   ] HiveReceiverService is running...
[2024-06-04 18:39:46][HiveReceiverService            ][INFO   ] Connection from ('127.0.0.1', 64479)
[2024-06-04 18:39:46][HiveReceiverService            ][INFO   ] Handled connect from NewYork
[2024-06-04 18:39:47][HiveReceiverService            ][INFO   ] Connection from ('127.0.0.1', 64480)
[2024-06-04 18:39:47][HiveReceiverService            ][INFO   ] Handled connect from London
[2024-06-04 18:39:49][HiveReceiverService            ][INFO   ] Connection from ('127.0.0.1', 64481)
[2024-06-04 18:39:49][HiveReceiverService            ][INFO   ] Handled connect from Brisbane
[2024-06-04 18:39:50][InboundQueueCommandProcessor   ][INFO   ] Received connection request from NewYork...
[2024-06-04 18:39:50][HiveNodeManager                ][INFO   ] Node NewYork does not exist in the node list...
[2024-06-04 18:39:50][InboundQueueCommandProcessor   ][INFO   ] Added NewYork to the node list...
[2024-06-04 18:39:55][HeartbeatProtocolCommandManager][INFO   ] Sending heartbeat to NewYork...
[2024-06-04 18:39:55][InboundQueueCommandProcessor   ][INFO   ] Received connection request from London...
[2024-06-04 18:39:55][HiveNodeManager                ][INFO   ] Node London does not exist in the node list...
[2024-06-04 18:39:55][InboundQueueCommandProcessor   ][INFO   ] Added London to the node list...
[2024-06-04 18:40:00][InboundQueueCommandProcessor   ][INFO   ] Received connection request from Brisbane...
[2024-06-04 18:40:00][HiveNodeManager                ][INFO   ] Node Brisbane does not exist in the node list...
[2024-06-04 18:40:00][InboundQueueCommandProcessor   ][INFO   ] Added Brisbane to the node list...
[2024-06-04 18:40:01][HiveReceiverService            ][INFO   ] Connection from ('127.0.0.1', 64486)
[2024-06-04 18:40:01][HiveNodeManager                ][INFO   ] Node NewYork already exists in the node list...
[2024-06-04 18:40:01][HiveReceiverService            ][INFO   ] Handled gossip from NewYork
[2024-06-04 18:40:05][HeartbeatProtocolCommandManager][INFO   ] Sending heartbeat to Brisbane...
[2024-06-04 18:40:06][HiveReceiverService            ][INFO   ] Connection from ('127.0.0.1', 64489)
[2024-06-04 18:40:06][HiveReceiverService            ][INFO   ] Handled heartbeat from NewYork
[2024-06-04 18:40:10][InboundQueueCommandProcessor   ][INFO   ] Received heartbeat from NewYork...
[2024-06-04 18:40:10][InboundQueueCommandProcessor   ][INFO   ] Found NewYork in the node list...
[2024-06-04 18:40:10][InboundQueueCommandProcessor   ][INFO   ] Updated last heartbeat for NewYork...
[2024-06-04 18:40:15][HeartbeatProtocolCommandManager][INFO   ] Sending heartbeat to NewYork...
[2024-06-04 18:40:16][ConfigProtocolCommandManager   ][INFO   ] Propogating configuration to all nodes in the network...
[2024-06-04 18:40:16][ConfigProtocolCommandManager   ][INFO   ] Propogating configuration to NewYork...
[2024-06-04 18:40:16][ConfigProtocolCommandManager   ][INFO   ] Propogating configuration to London...
[2024-06-04 18:40:16][ConfigProtocolCommandManager   ][INFO   ] Propogating configuration to Brisbane...
[2024-06-04 18:40:25][HeartbeatProtocolCommandManager][INFO   ] Sending heartbeat to NewYork...
[2024-06-04 18:40:29][HiveReceiverService            ][INFO   ] Connection from ('127.0.0.1', 64505)
[2024-06-04 18:40:29][HiveNodeManager                ][INFO   ] Node Brisbane already exists in the node list...
[2024-06-04 18:40:29][HiveNodeManager                ][INFO   ] Node NewYork already exists in the node list...
[2024-06-04 18:40:29][HiveNodeManager                ][INFO   ] Node London already exists in the node list...
[2024-06-04 18:40:29][HiveReceiverService            ][INFO   ] Handled gossip from Brisbane
[2024-06-04 18:40:35][HeartbeatProtocolCommandManager][INFO   ] Sending heartbeat to Brisbane...
[2024-06-04 18:40:37][HiveReceiverService            ][INFO   ] Connection from ('127.0.0.1', 64512)
[2024-06-04 18:40:37][HiveNodeManager                ][INFO   ] Node London already exists in the node list...
[2024-06-04 18:40:37][HiveNodeManager                ][INFO   ] Node Brisbane already exists in the node list...
[2024-06-04 18:40:37][HiveNodeManager                ][INFO   ] Node NewYork already exists in the node list...
[2024-06-04 18:40:37][HiveReceiverService            ][INFO   ] Handled gossip from London
[2024-06-04 18:40:41][HiveReceiverService            ][INFO   ] Connection from ('127.0.0.1', 64515)
[2024-06-04 18:40:41][HiveNodeManager                ][INFO   ] Node NewYork already exists in the node list...
[2024-06-04 18:40:41][HiveNodeManager                ][INFO   ] Node Brisbane already exists in the node list...
[2024-06-04 18:40:41][HiveNodeManager                ][INFO   ] Node London already exists in the node list...
[2024-06-04 18:40:41][HiveReceiverService            ][INFO   ] Handled gossip from NewYork
[2024-06-04 18:40:42][HiveReceiverService            ][INFO   ] Connection from ('127.0.0.1', 64516)
[2024-06-04 18:40:42][HiveReceiverService            ][INFO   ] Handled heartbeat from London
[2024-06-04 18:40:45][InboundQueueCommandProcessor   ][INFO   ] Received heartbeat from London...
[2024-06-04 18:40:45][InboundQueueCommandProcessor   ][INFO   ] Found London in the node list...
[2024-06-04 18:40:45][InboundQueueCommandProcessor   ][INFO   ] Updated last heartbeat for London...
[2024-06-04 18:40:45][HeartbeatProtocolCommandManager][INFO   ] Sending heartbeat to London...
[2024-06-04 18:40:49][HiveReceiverService            ][INFO   ] Connection from ('127.0.0.1', 64523)
[2024-06-04 18:40:49][HiveNodeManager                ][INFO   ] Node Brisbane already exists in the node list...
[2024-06-04 18:40:49][HiveNodeManager                ][INFO   ] Node NewYork already exists in the node list...
[2024-06-04 18:40:49][HiveNodeManager                ][INFO   ] Node London already exists in the node list...
[2024-06-04 18:40:49][HiveReceiverService            ][INFO   ] Handled gossip from Brisbane
[2024-06-04 18:40:53][ServiceMonitor                 ][INFO   ] URL: http://example.com - HTTP server status: True, HTTP response code: 200
[2024-06-04 18:40:53][ServiceMonitor                 ][INFO   ] URL: https://example.com - HTTPS server status: True, HTTPS response code: 200, Description: Server is up
[2024-06-04 18:40:55][HeartbeatProtocolCommandManager][INFO   ] Sending heartbeat to NewYork...
[2024-06-04 18:40:56][HiveReceiverService            ][INFO   ] Connection from ('127.0.0.1', 64533)
[2024-06-04 18:40:56][HiveReceiverService            ][INFO   ] Handled heartbeat from NewYork
[2024-06-04 18:40:59][HiveReceiverService            ][INFO   ] Connection from ('127.0.0.1', 64537)
[2024-06-04 18:40:59][HiveNodeManager                ][INFO   ] Node Brisbane already exists in the node list...
[2024-06-04 18:40:59][HiveNodeManager                ][INFO   ] Node NewYork already exists in the node list...
[2024-06-04 18:40:59][HiveNodeManager                ][INFO   ] Node London already exists in the node list...
[2024-06-04 18:40:59][HiveReceiverService            ][INFO   ] Handled gossip from Brisbane
[2024-06-04 18:41:00][InboundQueueCommandProcessor   ][INFO   ] Received heartbeat from NewYork...
[2024-06-04 18:41:00][InboundQueueCommandProcessor   ][INFO   ] Found NewYork in the node list...
[2024-06-04 18:41:00][InboundQueueCommandProcessor   ][INFO   ] Updated last heartbeat for NewYork...
[2024-06-04 18:41:05][HeartbeatProtocolCommandManager][INFO   ] Sending heartbeat to Brisbane...
[2024-06-04 18:41:06][HiveReceiverService            ][INFO   ] Connection from ('127.0.0.1', 64551)
[2024-06-04 18:41:06][HiveReceiverService            ][INFO   ] Handled heartbeat from NewYork
[2024-06-04 18:41:07][HiveReceiverService            ][INFO   ] Connection from ('127.0.0.1', 64552)
[2024-06-04 18:41:07][HiveNodeManager                ][INFO   ] Node London already exists in the node list...
[2024-06-04 18:41:07][HiveNodeManager                ][INFO   ] Node Brisbane already exists in the node list...
[2024-06-04 18:41:07][HiveNodeManager                ][INFO   ] Node NewYork already exists in the node list...
[2024-06-04 18:41:07][HiveReceiverService            ][INFO   ] Handled gossip from London
[2024-06-04 18:41:08][ServiceMonitor                 ][INFO   ] URL: http://example.com - HTTP server status: True, HTTP response code: 200
[2024-06-04 18:41:08][ServiceMonitor                 ][INFO   ] URL: https://example.com - HTTPS server status: True, HTTPS response code: 200, Description: Server is up
[2024-06-04 18:41:10][InboundQueueCommandProcessor   ][INFO   ] Received heartbeat from NewYork...
[2024-06-04 18:41:10][InboundQueueCommandProcessor   ][INFO   ] Found NewYork in the node list...
[2024-06-04 18:41:10][InboundQueueCommandProcessor   ][INFO   ] Updated last heartbeat for NewYork...
[2024-06-04 18:41:11][HiveReceiverService            ][INFO   ] Connection from ('127.0.0.1', 64557)
[2024-06-04 18:41:11][HiveNodeManager                ][INFO   ] Node NewYork already exists in the node list...
[2024-06-04 18:41:11][HiveNodeManager                ][INFO   ] Node Brisbane already exists in the node list...
[2024-06-04 18:41:11][HiveNodeManager                ][INFO   ] Node London already exists in the node list...
[2024-06-04 18:41:11][HiveReceiverService            ][INFO   ] Handled gossip from NewYork
[2024-06-04 18:41:12][HiveReceiverService            ][INFO   ] Connection from ('127.0.0.1', 64558)
[2024-06-04 18:41:12][HiveReceiverService            ][INFO   ] Handled heartbeat from London
[2024-06-04 18:41:15][HeartbeatProtocolCommandManager][INFO   ] Sending heartbeat to NewYork...
[2024-06-04 18:41:15][InboundQueueCommandProcessor   ][INFO   ] Received heartbeat from London...
[2024-06-04 18:41:15][InboundQueueCommandProcessor   ][INFO   ] Found London in the node list...
[2024-06-04 18:41:15][InboundQueueCommandProcessor   ][INFO   ] Updated last heartbeat for London...
[2024-06-04 18:41:19][HiveReceiverService            ][INFO   ] Connection from ('127.0.0.1', 64566)
[2024-06-04 18:41:19][HiveNodeManager                ][INFO   ] Node Brisbane already exists in the node list...
[2024-06-04 18:41:19][HiveNodeManager                ][INFO   ] Node NewYork already exists in the node list...
[2024-06-04 18:41:19][HiveNodeManager                ][INFO   ] Node London already exists in the node list...
[2024-06-04 18:41:19][HiveReceiverService            ][INFO   ] Handled gossip from Brisbane
[2024-06-04 18:41:21][HiveReceiverService            ][INFO   ] Connection from ('127.0.0.1', 64569)
[2024-06-04 18:41:21][HiveNodeManager                ][INFO   ] Node NewYork already exists in the node list...
[2024-06-04 18:41:21][HiveNodeManager                ][INFO   ] Node Brisbane already exists in the node list...
[2024-06-04 18:41:21][HiveNodeManager                ][INFO   ] Node London already exists in the node list...
[2024-06-04 18:41:21][HiveReceiverService            ][INFO   ] Handled gossip from NewYork
[2024-06-04 18:41:22][HiveReceiverService            ][INFO   ] Connection from ('127.0.0.1', 64570)
[2024-06-04 18:41:22][HiveReceiverService            ][INFO   ] Handled heartbeat from London
[2024-06-04 18:41:23][ServiceMonitor                 ][INFO   ] URL: http://example.com - HTTP server status: True, HTTP response code: 200
[2024-06-04 18:41:23][ServiceMonitor                 ][INFO   ] URL: https://example.com - HTTPS server status: True, HTTPS response code: 200, Description: Server is up
[2024-06-04 18:41:25][HeartbeatProtocolCommandManager][INFO   ] Sending heartbeat to Brisbane...
[2024-06-04 18:41:25][InboundQueueCommandProcessor   ][INFO   ] Received heartbeat from London...
[2024-06-04 18:41:25][InboundQueueCommandProcessor   ][INFO   ] Found London in the node list...
[2024-06-04 18:41:25][InboundQueueCommandProcessor   ][INFO   ] Updated last heartbeat for London...
[2024-06-04 18:41:32][HiveSenderClient               ][ERROR  ] Connection to Brisbane failed
[2024-06-04 18:41:35][HeartbeatProtocolCommandManager][INFO   ] Sending heartbeat to NewYork...
[2024-06-04 19:02:33][HiveNodeManager                ][INFO   ] Node LosAngeles does not exist in the node list...
[2024-06-04 19:02:33][HiveReceiverService            ][INFO   ] HiveReceiverService is running...
[2024-06-04 19:03:31][HiveNodeManager                ][INFO   ] Node LosAngeles does not exist in the node list...
[2024-06-04 19:03:31][HiveReceiverService            ][INFO   ] HiveReceiverService is running...
[2024-06-04 19:04:03][ConfigProtocolCommandManager   ][INFO   ] Propogating configuration to all nodes in the network...
[2024-06-04 19:04:16][HiveReceiverService            ][INFO   ] Connection from ('127.0.0.1', 56712)
[2024-06-04 19:04:16][HiveReceiverService            ][INFO   ] Handled connect from London
[2024-06-04 19:04:21][InboundQueueCommandProcessor   ][INFO   ] Received connection request from London...
[2024-06-04 19:04:21][HiveNodeManager                ][INFO   ] Node London does not exist in the node list...
[2024-06-04 19:04:21][InboundQueueCommandProcessor   ][INFO   ] Added London to the node list...
[2024-06-04 19:04:22][ConfigProtocolCommandManager   ][INFO   ] Propogating configuration to all nodes in the network...
[2024-06-04 19:04:22][ConfigProtocolCommandManager   ][INFO   ] Propogating configuration to London...
[2024-06-04 19:04:31][HeartbeatProtocolCommandManager][INFO   ] Sending heartbeat to London...
[2024-06-04 19:04:41][HeartbeatProtocolCommandManager][INFO   ] Sending heartbeat to London...
[2024-06-04 19:04:51][HeartbeatProtocolCommandManager][INFO   ] Sending heartbeat to London...
[2024-06-04 19:04:54][ConfigProtocolCommandManager   ][INFO   ] Propogating configuration to all nodes in the network...
[2024-06-04 19:04:54][ConfigProtocolCommandManager   ][INFO   ] Propogating configuration to London...
[2024-06-04 19:05:01][HeartbeatProtocolCommandManager][INFO   ] Sending heartbeat to London...
[2024-06-04 19:05:11][HeartbeatProtocolCommandManager][INFO   ] Sending heartbeat to London...
[2024-06-04 19:05:21][HeartbeatProtocolCommandManager][INFO   ] Sending heartbeat to London...
[2024-06-04 19:05:31][HeartbeatProtocolCommandManager][INFO   ] Sending heartbeat to London...
[2024-06-04 19:05:41][HeartbeatProtocolCommandManager][INFO   ] Sending heartbeat to London...
[2024-06-04 19:05:51][HeartbeatProtocolCommandManager][INFO   ] Sending heartbeat to London...
[2024-06-04 19:05:54][ConfigProtocolCommandManager   ][INFO   ] ------------------------------------------------------------------------------------------------------------------------
[2024-06-04 19:05:54][ConfigProtocolCommandManager   ][INFO   ] Network Configuration
[2024-06-04 19:05:54][ConfigProtocolCommandManager   ][INFO   ] ------------------------------------------------------------------------------------------------------------------------
[2024-06-04 19:05:54][ConfigProtocolCommandManager   ][INFO   ] Node: LosAngeles
[2024-06-04 19:05:54][ConfigProtocolCommandManager   ][INFO   ] Services: [{'type': 'HTTP', 'frequency': 15, 'url': 'http://example.com'}, {'type': 'HTTPS', 'frequency': 15, 'url': 'https://example.com'}]
[2024-06-04 19:05:54][ConfigProtocolCommandManager   ][INFO   ] Node: London
[2024-06-04 19:05:54][ConfigProtocolCommandManager   ][INFO   ] Services: [{'type': 'HTTP', 'frequency': 15, 'url': 'http://example.com'}, {'type': 'HTTPS', 'frequency': 15, 'url': 'https://example.com'}]
[2024-06-04 19:05:54][ConfigProtocolCommandManager   ][INFO   ] Node: Brisbane
[2024-06-04 19:05:54][ConfigProtocolCommandManager   ][INFO   ] Services: [{'type': 'NTP', 'frequency': 15, 'hostname': 'pool.ntp.org'}, {'type': 'TCP', 'frequency': 15, 'server_address': 'google.com', 'port_number': 80}]
[2024-06-04 19:05:54][ConfigProtocolCommandManager   ][INFO   ] Node: NewYork
[2024-06-04 19:05:54][ConfigProtocolCommandManager   ][INFO   ] Services: [{'type': 'UDP', 'frequency': 15, 'server_address': 'google.com', 'port_number': 53}, {'type': 'HTTP', 'frequency': 15, 'url': 'http://example.com'}]
[2024-06-04 19:05:54][ConfigProtocolCommandManager   ][INFO   ] ------------------------------------------------------------------------------------------------------------------------
[2024-06-04 19:06:01][HeartbeatProtocolCommandManager][INFO   ] Sending heartbeat to London...
[2024-06-04 19:06:07][ConfigProtocolCommandManager   ][INFO   ] Propogating configuration to all nodes in the network...
[2024-06-04 19:06:07][ConfigProtocolCommandManager   ][INFO   ] Propogating configuration to London...
[2024-06-04 19:06:11][HeartbeatProtocolCommandManager][INFO   ] Sending heartbeat to London...
[2024-06-04 19:06:21][HeartbeatProtocolCommandManager][INFO   ] Sending heartbeat to London...
[2024-06-04 19:06:31][HeartbeatProtocolCommandManager][INFO   ] Sending heartbeat to London...
[2024-06-04 19:06:41][HeartbeatProtocolCommandManager][INFO   ] Sending heartbeat to London...
[2024-06-04 19:06:51][HeartbeatProtocolCommandManager][INFO   ] Sending heartbeat to London...
[2024-06-04 19:06:51][HiveReceiverService            ][INFO   ] Connection from ('127.0.0.1', 56767)
[2024-06-04 19:06:51][HiveReceiverService            ][INFO   ] Handled connect from London
[2024-06-04 19:06:56][InboundQueueCommandProcessor   ][INFO   ] Received connection request from London...
[2024-06-04 19:06:56][HiveNodeManager                ][INFO   ] Node London already exists in the node list...
[2024-06-04 19:06:56][InboundQueueCommandProcessor   ][INFO   ] Added London to the node list...
[2024-06-04 19:07:01][HeartbeatProtocolCommandManager][INFO   ] Sending heartbeat to London...
[2024-06-04 19:07:10][ConfigProtocolCommandManager   ][INFO   ] Propogating configuration to all nodes in the network...
[2024-06-04 19:07:10][ConfigProtocolCommandManager   ][INFO   ] Propogating configuration to London...
[2024-06-04 19:07:11][HeartbeatProtocolCommandManager][INFO   ] Sending heartbeat to London...
[2024-06-04 19:07:21][HeartbeatProtocolCommandManager][INFO   ] Sending heartbeat to London...
[2024-06-04 19:07:31][HeartbeatProtocolCommandManager][INFO   ] Sending heartbeat to London...
[2024-06-04 19:07:41][HeartbeatProtocolCommandManager][INFO   ] Sending heartbeat to London...
