[2024-06-04 18:34:08][HiveNodeManager                ][INFO   ] Node NewYork does not exist in the node list...
[2024-06-04 18:34:08][HiveReceiverService            ][INFO   ] HiveReceiverService is running...
[2024-06-04 18:39:31][HiveNodeManager                ][INFO   ] Node NewYork does not exist in the node list...
[2024-06-04 18:39:31][HiveReceiverService            ][INFO   ] HiveReceiverService is running...
[2024-06-04 18:39:55][HiveReceiverService            ][INFO   ] Connection from ('127.0.0.1', 64483)
[2024-06-04 18:39:55][HiveNodeManager                ][INFO   ] Node LosAngeles does not exist in the node list...
[2024-06-04 18:39:55][HiveReceiverService            ][INFO   ] Handled gossip from LosAngeles
[2024-06-04 18:40:00][HiveReceiverService            ][INFO   ] Connection from ('127.0.0.1', 64485)
[2024-06-04 18:40:00][HiveReceiverService            ][INFO   ] Handled heartbeat from LosAngeles
[2024-06-04 18:40:01][HeartbeatProtocolCommandManager][INFO   ] Sending heartbeat to LosAngeles...
[2024-06-04 18:40:01][InboundQueueCommandProcessor   ][INFO   ] Received heartbeat from LosAngeles...
[2024-06-04 18:40:01][InboundQueueCommandProcessor   ][INFO   ] Found LosAngeles in the node list...
[2024-06-04 18:40:01][InboundQueueCommandProcessor   ][INFO   ] Updated last heartbeat for LosAngeles...
[2024-06-04 18:40:09][HiveReceiverService            ][INFO   ] Connection from ('127.0.0.1', 64490)
[2024-06-04 18:40:09][HiveNodeManager                ][INFO   ] Node Brisbane does not exist in the node list...
[2024-06-04 18:40:09][HiveNodeManager                ][INFO   ] Node LosAngeles already exists in the node list...
[2024-06-04 18:40:09][HiveNodeManager                ][INFO   ] Node London does not exist in the node list...
[2024-06-04 18:40:09][HiveReceiverService            ][INFO   ] Handled gossip from Brisbane
[2024-06-04 18:40:11][HeartbeatProtocolCommandManager][INFO   ] Sending heartbeat to Brisbane...
[2024-06-04 18:40:19][HiveReceiverService            ][INFO   ] Connection from ('127.0.0.1', 64498)
[2024-06-04 18:40:19][HiveNodeManager                ][INFO   ] Node Brisbane already exists in the node list...
[2024-06-04 18:40:19][HiveNodeManager                ][INFO   ] Node LosAngeles already exists in the node list...
[2024-06-04 18:40:19][HiveNodeManager                ][INFO   ] Node London already exists in the node list...
[2024-06-04 18:40:19][HiveReceiverService            ][INFO   ] Handled gossip from Brisbane
[2024-06-04 18:40:20][HiveReceiverService            ][INFO   ] Connection from ('127.0.0.1', 64499)
[2024-06-04 18:40:20][HiveReceiverService            ][INFO   ] Handled heartbeat from LosAngeles
[2024-06-04 18:40:21][HeartbeatProtocolCommandManager][INFO   ] Sending heartbeat to Brisbane...
[2024-06-04 18:40:21][InboundQueueCommandProcessor   ][INFO   ] Received heartbeat from LosAngeles...
[2024-06-04 18:40:21][InboundQueueCommandProcessor   ][INFO   ] Found LosAngeles in the node list...
[2024-06-04 18:40:21][InboundQueueCommandProcessor   ][INFO   ] Updated last heartbeat for LosAngeles...
[2024-06-04 18:40:24][HiveReceiverService            ][INFO   ] Connection from ('127.0.0.1', 64501)
[2024-06-04 18:40:24][HiveReceiverService            ][INFO   ] Handled heartbeat from Brisbane
[2024-06-04 18:40:25][HiveReceiverService            ][INFO   ] Connection from ('127.0.0.1', 64502)
[2024-06-04 18:40:26][InboundQueueCommandProcessor   ][INFO   ] Received heartbeat from Brisbane...
[2024-06-04 18:40:26][InboundQueueCommandProcessor   ][INFO   ] Found Brisbane in the node list...
[2024-06-04 18:40:26][InboundQueueCommandProcessor   ][INFO   ] Updated last heartbeat for Brisbane...
[2024-06-04 18:40:31][HeartbeatProtocolCommandManager][INFO   ] Sending heartbeat to Brisbane...
[2024-06-04 18:40:41][HeartbeatProtocolCommandManager][INFO   ] Sending heartbeat to Brisbane...
[2024-06-04 18:40:42][ConfigProtocolCommandManager   ][INFO   ] ------------------------------------------------------------------------------------------------------------------------
[2024-06-04 18:40:42][ConfigProtocolCommandManager   ][INFO   ] Network Configuration
[2024-06-04 18:40:42][ConfigProtocolCommandManager   ][INFO   ] ------------------------------------------------------------------------------------------------------------------------
[2024-06-04 18:40:42][ConfigProtocolCommandManager   ][INFO   ] Node: LosAngeles
[2024-06-04 18:40:42][ConfigProtocolCommandManager   ][INFO   ] Services: [{'type': 'HTTP', 'frequency': 15, 'url': 'http://example.com'}, {'type': 'HTTPS', 'frequency': 15, 'url': 'https://example.com'}]
[2024-06-04 18:40:42][ConfigProtocolCommandManager   ][INFO   ] Node: London
[2024-06-04 18:40:42][ConfigProtocolCommandManager   ][INFO   ] Services: [{'type': 'ICMP', 'frequency': 15, 'hostname': '8.8.8.8'}, {'type': 'DNS', 'frequency': 15, 'dns_server': '8.8.8.8', 'dns_query': 'google.com', 'dns_record_type': 'A'}]
[2024-06-04 18:40:42][ConfigProtocolCommandManager   ][INFO   ] Node: Brisbane
[2024-06-04 18:40:42][ConfigProtocolCommandManager   ][INFO   ] Services: [{'type': 'NTP', 'frequency': 15, 'hostname': 'pool.ntp.org'}, {'type': 'TCP', 'frequency': 15, 'server_address': 'google.com', 'port_number': 80}]
[2024-06-04 18:40:42][ConfigProtocolCommandManager   ][INFO   ] Node: NewYork
[2024-06-04 18:40:42][ConfigProtocolCommandManager   ][INFO   ] Services: [{'type': 'UDP', 'frequency': 15, 'server_address': 'google.com', 'port_number': 53}, {'type': 'HTTP', 'frequency': 15, 'url': 'http://example.com'}]
[2024-06-04 18:40:42][ConfigProtocolCommandManager   ][INFO   ] ------------------------------------------------------------------------------------------------------------------------
[2024-06-04 18:40:44][HiveReceiverService            ][INFO   ] Connection from ('127.0.0.1', 64519)
[2024-06-04 18:40:44][HiveReceiverService            ][INFO   ] Handled heartbeat from Brisbane
[2024-06-04 18:40:45][HiveReceiverService            ][INFO   ] Connection from ('127.0.0.1', 64520)
[2024-06-04 18:40:45][HiveReceiverService            ][INFO   ] Handled heartbeat from LosAngeles
[2024-06-04 18:40:46][InboundQueueCommandProcessor   ][INFO   ] Received heartbeat from Brisbane...
[2024-06-04 18:40:46][InboundQueueCommandProcessor   ][INFO   ] Found Brisbane in the node list...
[2024-06-04 18:40:46][InboundQueueCommandProcessor   ][INFO   ] Updated last heartbeat for Brisbane...
[2024-06-04 18:40:51][HeartbeatProtocolCommandManager][INFO   ] Sending heartbeat to LosAngeles...
[2024-06-04 18:40:51][InboundQueueCommandProcessor   ][INFO   ] Received heartbeat from LosAngeles...
[2024-06-04 18:40:51][InboundQueueCommandProcessor   ][INFO   ] Found LosAngeles in the node list...
[2024-06-04 18:40:51][InboundQueueCommandProcessor   ][INFO   ] Updated last heartbeat for LosAngeles...
[2024-06-04 18:40:52][HiveReceiverService            ][INFO   ] Connection from ('127.0.0.1', 64526)
[2024-06-04 18:40:52][HiveReceiverService            ][INFO   ] Handled heartbeat from London
[2024-06-04 18:40:56][InboundQueueCommandProcessor   ][INFO   ] Received heartbeat from London...
[2024-06-04 18:40:56][InboundQueueCommandProcessor   ][INFO   ] Found London in the node list...
[2024-06-04 18:40:56][InboundQueueCommandProcessor   ][INFO   ] Updated last heartbeat for London...
[2024-06-04 18:41:01][HeartbeatProtocolCommandManager][INFO   ] Sending heartbeat to LosAngeles...
[2024-06-04 18:41:02][HiveReceiverService            ][INFO   ] Connection from ('127.0.0.1', 64545)
[2024-06-04 18:41:02][HiveReceiverService            ][INFO   ] Handled heartbeat from London
[2024-06-04 18:41:05][ServiceMonitor                 ][INFO   ] URL: http://example.com - HTTP server status: True, HTTP response code: 200
[2024-06-04 18:41:06][InboundQueueCommandProcessor   ][INFO   ] Received heartbeat from London...
[2024-06-04 18:41:06][InboundQueueCommandProcessor   ][INFO   ] Found London in the node list...
[2024-06-04 18:41:06][InboundQueueCommandProcessor   ][INFO   ] Updated last heartbeat for London...
[2024-06-04 18:41:08][ServiceMonitor                 ][INFO   ]  Server Address: google.com - UDP port status: True, UDP port description: Port 53 on google.com is open or no response received.
[2024-06-04 18:41:11][HeartbeatProtocolCommandManager][INFO   ] Sending heartbeat to Brisbane...
[2024-06-04 18:41:14][HiveReceiverService            ][INFO   ] Connection from ('127.0.0.1', 64559)
[2024-06-04 18:41:14][HiveReceiverService            ][INFO   ] Handled heartbeat from Brisbane
[2024-06-04 18:41:15][HiveReceiverService            ][INFO   ] Connection from ('127.0.0.1', 64560)
[2024-06-04 18:41:15][HiveReceiverService            ][INFO   ] Handled heartbeat from LosAngeles
[2024-06-04 18:41:16][InboundQueueCommandProcessor   ][INFO   ] Received heartbeat from Brisbane...
[2024-06-04 18:41:16][InboundQueueCommandProcessor   ][INFO   ] Found Brisbane in the node list...
[2024-06-04 18:41:16][InboundQueueCommandProcessor   ][INFO   ] Updated last heartbeat for Brisbane...
[2024-06-04 18:41:17][HiveReceiverService            ][INFO   ] Connection from ('127.0.0.1', 64563)
[2024-06-04 18:41:17][HiveNodeManager                ][INFO   ] Node London already exists in the node list...
[2024-06-04 18:41:17][HiveNodeManager                ][INFO   ] Node Brisbane already exists in the node list...
[2024-06-04 18:41:17][HiveNodeManager                ][INFO   ] Node LosAngeles already exists in the node list...
[2024-06-04 18:41:17][HiveReceiverService            ][INFO   ] Handled gossip from London
[2024-06-04 18:41:20][ServiceMonitor                 ][INFO   ] URL: http://example.com - HTTP server status: True, HTTP response code: 200
[2024-06-04 18:41:21][HeartbeatProtocolCommandManager][INFO   ] Sending heartbeat to Brisbane...
[2024-06-04 18:41:21][InboundQueueCommandProcessor   ][INFO   ] Received heartbeat from LosAngeles...
[2024-06-04 18:41:21][InboundQueueCommandProcessor   ][INFO   ] Found LosAngeles in the node list...
[2024-06-04 18:41:21][InboundQueueCommandProcessor   ][INFO   ] Updated last heartbeat for LosAngeles...
[2024-06-04 18:41:26][ServiceMonitor                 ][INFO   ]  Server Address: google.com - UDP port status: True, UDP port description: Port 53 on google.com is open or no response received.
