[2024-06-04 18:34:06][HiveNodeManager                ][INFO   ] Node Brisbane does not exist in the node list...
[2024-06-04 18:39:29][HiveNodeManager                ][INFO   ] Node Brisbane does not exist in the node list...
[2024-06-04 18:39:29][HiveReceiverService            ][INFO   ] HiveReceiverService is running...
[2024-06-04 18:40:05][HiveReceiverService            ][INFO   ] Connection from ('127.0.0.1', 64488)
[2024-06-04 18:40:05][HiveNodeManager                ][INFO   ] Node LosAngeles does not exist in the node list...
[2024-06-04 18:40:05][HiveNodeManager                ][INFO   ] Node NewYork does not exist in the node list...
[2024-06-04 18:40:05][HiveNodeManager                ][INFO   ] Node London does not exist in the node list...
[2024-06-04 18:40:05][HiveReceiverService            ][INFO   ] Handled gossip from LosAngeles
[2024-06-04 18:40:09][HeartbeatProtocolCommandManager][INFO   ] Sending heartbeat to London...
[2024-06-04 18:40:10][HiveReceiverService            ][INFO   ] Connection from ('127.0.0.1', 64491)
[2024-06-04 18:40:10][HiveReceiverService            ][INFO   ] Handled heartbeat from LosAngeles
[2024-06-04 18:40:11][HiveReceiverService            ][INFO   ] Connection from ('127.0.0.1', 64492)
[2024-06-04 18:40:11][HiveNodeManager                ][INFO   ] Node NewYork already exists in the node list...
[2024-06-04 18:40:11][HiveNodeManager                ][INFO   ] Node LosAngeles already exists in the node list...
[2024-06-04 18:40:11][HiveNodeManager                ][INFO   ] Node London already exists in the node list...
[2024-06-04 18:40:11][HiveReceiverService            ][INFO   ] Handled gossip from NewYork
[2024-06-04 18:40:14][InboundQueueCommandProcessor   ][INFO   ] Received heartbeat from LosAngeles...
[2024-06-04 18:40:14][InboundQueueCommandProcessor   ][INFO   ] Found LosAngeles in the node list...
[2024-06-04 18:40:14][InboundQueueCommandProcessor   ][INFO   ] Updated last heartbeat for LosAngeles...
[2024-06-04 18:40:15][HiveReceiverService            ][INFO   ] Connection from ('127.0.0.1', 64494)
[2024-06-04 18:40:15][HiveNodeManager                ][INFO   ] Node LosAngeles already exists in the node list...
[2024-06-04 18:40:15][HiveNodeManager                ][INFO   ] Node NewYork already exists in the node list...
[2024-06-04 18:40:15][HiveNodeManager                ][INFO   ] Node London already exists in the node list...
[2024-06-04 18:40:15][HiveReceiverService            ][INFO   ] Handled gossip from LosAngeles
[2024-06-04 18:40:16][HiveReceiverService            ][INFO   ] Connection from ('127.0.0.1', 64497)
[2024-06-04 18:40:16][HiveReceiverService            ][INFO   ] Handled heartbeat from NewYork
[2024-06-04 18:40:19][HeartbeatProtocolCommandManager][INFO   ] Sending heartbeat to NewYork...
[2024-06-04 18:40:19][InboundQueueCommandProcessor   ][INFO   ] Received heartbeat from NewYork...
[2024-06-04 18:40:19][InboundQueueCommandProcessor   ][INFO   ] Found NewYork in the node list...
[2024-06-04 18:40:19][InboundQueueCommandProcessor   ][INFO   ] Updated last heartbeat for NewYork...
[2024-06-04 18:40:21][HiveReceiverService            ][INFO   ] Connection from ('127.0.0.1', 64500)
[2024-06-04 18:40:21][HiveNodeManager                ][INFO   ] Node NewYork already exists in the node list...
[2024-06-04 18:40:21][HiveNodeManager                ][INFO   ] Node LosAngeles already exists in the node list...
[2024-06-04 18:40:21][HiveNodeManager                ][INFO   ] Node London already exists in the node list...
[2024-06-04 18:40:21][HiveReceiverService            ][INFO   ] Handled gossip from NewYork
[2024-06-04 18:40:26][HiveReceiverService            ][INFO   ] Connection from ('127.0.0.1', 64503)
[2024-06-04 18:40:26][HiveReceiverService            ][INFO   ] Handled heartbeat from NewYork
[2024-06-04 18:40:27][HiveReceiverService            ][INFO   ] Connection from ('127.0.0.1', 64504)
[2024-06-04 18:40:27][HiveNodeManager                ][INFO   ] Node London already exists in the node list...
[2024-06-04 18:40:27][HiveReceiverService            ][INFO   ] Handled gossip from London
[2024-06-04 18:40:29][HeartbeatProtocolCommandManager][INFO   ] Sending heartbeat to London...
[2024-06-04 18:40:29][InboundQueueCommandProcessor   ][INFO   ] Received heartbeat from NewYork...
[2024-06-04 18:40:29][InboundQueueCommandProcessor   ][INFO   ] Found NewYork in the node list...
[2024-06-04 18:40:29][InboundQueueCommandProcessor   ][INFO   ] Updated last heartbeat for NewYork...
[2024-06-04 18:40:32][HiveReceiverService            ][INFO   ] Connection from ('127.0.0.1', 64508)
[2024-06-04 18:40:32][HiveReceiverService            ][INFO   ] Handled heartbeat from London
[2024-06-04 18:40:34][InboundQueueCommandProcessor   ][INFO   ] Received heartbeat from London...
[2024-06-04 18:40:34][InboundQueueCommandProcessor   ][INFO   ] Found London in the node list...
[2024-06-04 18:40:34][InboundQueueCommandProcessor   ][INFO   ] Updated last heartbeat for London...
[2024-06-04 18:40:35][HiveReceiverService            ][INFO   ] Connection from ('127.0.0.1', 64510)
[2024-06-04 18:40:36][HiveReceiverService            ][INFO   ] Connection from ('127.0.0.1', 64511)
[2024-06-04 18:40:36][HiveReceiverService            ][INFO   ] Handled heartbeat from NewYork
[2024-06-04 18:40:39][HeartbeatProtocolCommandManager][INFO   ] Sending heartbeat to NewYork...
[2024-06-04 18:40:39][InboundQueueCommandProcessor   ][INFO   ] Received heartbeat from NewYork...
[2024-06-04 18:40:39][InboundQueueCommandProcessor   ][INFO   ] Found NewYork in the node list...
[2024-06-04 18:40:39][InboundQueueCommandProcessor   ][INFO   ] Updated last heartbeat for NewYork...
[2024-06-04 18:40:40][HiveReceiverService            ][INFO   ] Connection from ('127.0.0.1', 64514)
[2024-06-04 18:40:40][HiveNodeManager                ][INFO   ] Node LosAngeles already exists in the node list...
[2024-06-04 18:40:40][HiveNodeManager                ][INFO   ] Node NewYork already exists in the node list...
[2024-06-04 18:40:40][HiveNodeManager                ][INFO   ] Node London already exists in the node list...
[2024-06-04 18:40:40][HiveReceiverService            ][INFO   ] Handled gossip from LosAngeles
[2024-06-04 18:40:46][HiveReceiverService            ][INFO   ] Connection from ('127.0.0.1', 64521)
[2024-06-04 18:40:46][HiveReceiverService            ][INFO   ] Handled heartbeat from NewYork
[2024-06-04 18:40:47][HiveReceiverService            ][INFO   ] Connection from ('127.0.0.1', 64522)
[2024-06-04 18:40:47][HiveNodeManager                ][INFO   ] Node London already exists in the node list...
[2024-06-04 18:40:47][HiveNodeManager                ][INFO   ] Node NewYork already exists in the node list...
[2024-06-04 18:40:47][HiveNodeManager                ][INFO   ] Node LosAngeles already exists in the node list...
[2024-06-04 18:40:47][HiveReceiverService            ][INFO   ] Handled gossip from London
[2024-06-04 18:40:49][HeartbeatProtocolCommandManager][INFO   ] Sending heartbeat to London...
[2024-06-04 18:40:49][InboundQueueCommandProcessor   ][INFO   ] Received heartbeat from NewYork...
[2024-06-04 18:40:49][InboundQueueCommandProcessor   ][INFO   ] Found NewYork in the node list...
[2024-06-04 18:40:49][InboundQueueCommandProcessor   ][INFO   ] Updated last heartbeat for NewYork...
[2024-06-04 18:40:50][HiveReceiverService            ][INFO   ] Connection from ('127.0.0.1', 64524)
[2024-06-04 18:40:50][HiveNodeManager                ][INFO   ] Node LosAngeles already exists in the node list...
[2024-06-04 18:40:50][HiveNodeManager                ][INFO   ] Node NewYork already exists in the node list...
[2024-06-04 18:40:50][HiveNodeManager                ][INFO   ] Node London already exists in the node list...
[2024-06-04 18:40:50][HiveReceiverService            ][INFO   ] Handled gossip from LosAngeles
[2024-06-04 18:40:51][HiveReceiverService            ][INFO   ] Connection from ('127.0.0.1', 64525)
[2024-06-04 18:40:51][HiveNodeManager                ][INFO   ] Node NewYork already exists in the node list...
[2024-06-04 18:40:51][HiveNodeManager                ][INFO   ] Node LosAngeles already exists in the node list...
[2024-06-04 18:40:51][HiveNodeManager                ][INFO   ] Node London already exists in the node list...
[2024-06-04 18:40:51][HiveReceiverService            ][INFO   ] Handled gossip from NewYork
[2024-06-04 18:40:55][HiveReceiverService            ][INFO   ] Connection from ('127.0.0.1', 64532)
[2024-06-04 18:40:55][HiveReceiverService            ][INFO   ] Handled heartbeat from LosAngeles
[2024-06-04 18:40:57][HiveReceiverService            ][INFO   ] Connection from ('127.0.0.1', 64534)
[2024-06-04 18:40:57][HiveNodeManager                ][INFO   ] Node London already exists in the node list...
[2024-06-04 18:40:57][HiveNodeManager                ][INFO   ] Node NewYork already exists in the node list...
[2024-06-04 18:40:57][HiveNodeManager                ][INFO   ] Node LosAngeles already exists in the node list...
[2024-06-04 18:40:57][HiveReceiverService            ][INFO   ] Handled gossip from London
[2024-06-04 18:40:59][HeartbeatProtocolCommandManager][INFO   ] Sending heartbeat to London...
[2024-06-04 18:40:59][InboundQueueCommandProcessor   ][INFO   ] Received heartbeat from LosAngeles...
[2024-06-04 18:40:59][InboundQueueCommandProcessor   ][INFO   ] Found LosAngeles in the node list...
[2024-06-04 18:40:59][InboundQueueCommandProcessor   ][INFO   ] Updated last heartbeat for LosAngeles...
[2024-06-04 18:41:01][ServiceMonitor                 ][INFO   ] Server Address: google.com - TCP port status: True, TCP port description: Port 80 on google.com is open.
[2024-06-04 18:41:01][ServiceMonitor                 ][INFO   ] Hostname: pool.ntp.org - NTP server status: True, NTP server time: Tue Jun  4 18:41:01 2024
[2024-06-04 18:41:09][HeartbeatProtocolCommandManager][INFO   ] Sending heartbeat to NewYork...
[2024-06-04 18:41:16][ServiceMonitor                 ][INFO   ] Server Address: google.com - TCP port status: True, TCP port description: Port 80 on google.com is open.
[2024-06-04 18:41:16][ServiceMonitor                 ][INFO   ] Hostname: pool.ntp.org - NTP server status: True, NTP server time: Tue Jun  4 18:41:16 2024
[2024-06-04 18:41:16][HiveReceiverService            ][INFO   ] Connection from ('127.0.0.1', 64562)
[2024-06-04 18:41:16][HiveReceiverService            ][INFO   ] Handled heartbeat from NewYork
[2024-06-04 18:41:17][ConfigProtocolCommandManager   ][INFO   ] ------------------------------------------------------------------------------------------------------------------------
[2024-06-04 18:41:17][ConfigProtocolCommandManager   ][INFO   ] Network Configuration
[2024-06-04 18:41:17][ConfigProtocolCommandManager   ][INFO   ] ------------------------------------------------------------------------------------------------------------------------
[2024-06-04 18:41:17][ConfigProtocolCommandManager   ][INFO   ] Node: LosAngeles
[2024-06-04 18:41:17][ConfigProtocolCommandManager   ][INFO   ] Services: [{'type': 'HTTP', 'frequency': 15, 'url': 'http://example.com'}, {'type': 'HTTPS', 'frequency': 15, 'url': 'https://example.com'}]
[2024-06-04 18:41:17][ConfigProtocolCommandManager   ][INFO   ] Node: London
[2024-06-04 18:41:17][ConfigProtocolCommandManager   ][INFO   ] Services: [{'type': 'ICMP', 'frequency': 15, 'hostname': '8.8.8.8'}, {'type': 'DNS', 'frequency': 15, 'dns_server': '8.8.8.8', 'dns_query': 'google.com', 'dns_record_type': 'A'}]
[2024-06-04 18:41:17][ConfigProtocolCommandManager   ][INFO   ] Node: Brisbane
[2024-06-04 18:41:17][ConfigProtocolCommandManager   ][INFO   ] Services: [{'type': 'NTP', 'frequency': 15, 'hostname': 'pool.ntp.org'}, {'type': 'TCP', 'frequency': 15, 'server_address': 'google.com', 'port_number': 80}]
[2024-06-04 18:41:17][ConfigProtocolCommandManager   ][INFO   ] Node: NewYork
[2024-06-04 18:41:17][ConfigProtocolCommandManager   ][INFO   ] Services: [{'type': 'UDP', 'frequency': 15, 'server_address': 'google.com', 'port_number': 53}, {'type': 'HTTP', 'frequency': 15, 'url': 'http://example.com'}]
[2024-06-04 18:41:17][ConfigProtocolCommandManager   ][INFO   ] ------------------------------------------------------------------------------------------------------------------------
[2024-06-04 18:41:19][HeartbeatProtocolCommandManager][INFO   ] Sending heartbeat to London...
[2024-06-04 18:41:19][InboundQueueCommandProcessor   ][INFO   ] Received heartbeat from NewYork...
[2024-06-04 18:41:19][InboundQueueCommandProcessor   ][INFO   ] Found NewYork in the node list...
[2024-06-04 18:41:19][InboundQueueCommandProcessor   ][INFO   ] Updated last heartbeat for NewYork...
[2024-06-04 18:41:20][HiveReceiverService            ][INFO   ] Connection from ('127.0.0.1', 64567)
[2024-06-04 18:41:20][HiveNodeManager                ][INFO   ] Node LosAngeles already exists in the node list...
[2024-06-04 18:41:20][HiveNodeManager                ][INFO   ] Node NewYork already exists in the node list...
[2024-06-04 18:41:20][HiveNodeManager                ][INFO   ] Node London already exists in the node list...
[2024-06-04 18:41:20][HiveReceiverService            ][INFO   ] Handled gossip from LosAngeles
[2024-06-04 18:41:23][ConfigProtocolCommandManager   ][INFO   ] ------------------------------------------------------------------------------------------------------------------------
[2024-06-04 18:41:23][ConfigProtocolCommandManager   ][INFO   ] Current Network Status
[2024-06-04 18:41:23][ConfigProtocolCommandManager   ][INFO   ] ------------------------------------------------------------------------------------------------------------------------
[2024-06-04 18:41:23][ConfigProtocolCommandManager   ][INFO   ] TCP (google.com): Last Run at 2024-06-05 01:41:16, Result: True
[2024-06-04 18:41:23][ConfigProtocolCommandManager   ][INFO   ] NTP (pool.ntp.org): Last Run at 2024-06-05 01:41:16, Result: True
[2024-06-04 18:41:23][ConfigProtocolCommandManager   ][INFO   ] ------------------------------------------------------------------------------------------------------------------------
[2024-06-04 18:41:25][HiveReceiverService            ][INFO   ] Connection from ('127.0.0.1', 64576)
[2024-06-04 18:41:25][HiveReceiverService            ][INFO   ] Handled heartbeat from LosAngeles
[2024-06-04 18:41:26][HiveReceiverService            ][INFO   ] Connection from ('127.0.0.1', 64577)
[2024-06-04 18:41:26][HiveReceiverService            ][INFO   ] Handled heartbeat from NewYork
